2026-07-22 12:44:49.955 -07:00 [INF] Starting OpenMarketplace API
2026-07-22 12:44:50.403 -07:00 [INF] OpenMarketplace API listening. Swagger: http://localhost:5001/swagger/index.html
2026-07-22 12:44:50.474 -07:00 [INF] Auto database migration/seed attempt 1/10
2026-07-22 12:44:50.652 -07:00 [INF] Database initialization started
2026-07-22 12:44:51.996 -07:00 [INF] HTTP GET /swagger/index.html responded 200 in 537.6579 ms
2026-07-22 12:44:52.135 -07:00 [INF] HTTP GET /swagger/index.js responded 200 in 1.8673 ms
2026-07-22 12:44:52.638 -07:00 [INF] HTTP GET /swagger/v1/swagger.json responded 200 in 454.2588 ms
2026-07-22 12:44:53.481 -07:00 [INF] Pending EF migrations: none
2026-07-22 12:44:53.481 -07:00 [INF] Applying EF Core migrations automatically...
2026-07-22 12:44:53.898 -07:00 [INF] Ensuring message/chat schema repair...
2026-07-22 12:44:53.911 -07:00 [INF] Ensuring listing location schema repair...
2026-07-22 12:44:53.914 -07:00 [INF] Ensuring notification schema repair...
2026-07-22 12:44:53.924 -07:00 [INF] Ensuring user role/source schema repair...
2026-07-22 12:44:53.935 -07:00 [INF] Ensuring package sort order schema repair...
2026-07-22 12:44:53.948 -07:00 [INF] Ensuring authentication schema repair...
2026-07-22 12:44:53.951 -07:00 [INF] Ensuring moderation schema repair...
2026-07-22 12:44:53.956 -07:00 [INF] Ensuring user location schema repair...
2026-07-22 12:44:53.960 -07:00 [INF] Ensuring locality schema and California city data...
2026-07-22 12:44:54.638 -07:00 [INF] Ensuring seed history schema...
2026-07-22 12:44:54.661 -07:00 [INF] Seed version InitialMarketplaceDataV1 already applied. Skipping seed data.
2026-07-22 12:44:54.661 -07:00 [INF] Database initialization completed
