2026-07-20 11:21:05.228 -07:00 [INF] Starting OpenMarketplace API
2026-07-20 11:21:05.692 -07:00 [INF] OpenMarketplace API listening. Swagger: http://localhost:5001/swagger/index.html
2026-07-20 11:21:05.890 -07:00 [INF] Auto database migration/seed attempt 1/10
2026-07-20 11:21:07.058 -07:00 [INF] Database initialization started
2026-07-20 11:21:07.351 -07:00 [INF] HTTP GET /swagger/index.html responded 200 in 257.9757 ms
2026-07-20 11:21:07.501 -07:00 [INF] HTTP GET /swagger/index.js responded 200 in 21.6809 ms
2026-07-20 11:21:08.015 -07:00 [INF] HTTP GET /swagger/v1/swagger.json responded 200 in 303.2827 ms
2026-07-20 11:21:08.957 -07:00 [INF] Pending EF migrations: none
2026-07-20 11:21:08.959 -07:00 [INF] Applying EF Core migrations automatically...
2026-07-20 11:21:09.227 -07:00 [INF] Ensuring message/chat schema repair...
2026-07-20 11:21:09.250 -07:00 [INF] Ensuring listing location schema repair...
2026-07-20 11:21:09.256 -07:00 [INF] Ensuring notification schema repair...
2026-07-20 11:21:09.260 -07:00 [INF] Ensuring user role/source schema repair...
2026-07-20 11:21:09.268 -07:00 [INF] Ensuring package sort order schema repair...
2026-07-20 11:21:09.276 -07:00 [INF] Ensuring authentication schema repair...
2026-07-20 11:21:09.280 -07:00 [INF] Ensuring moderation schema repair...
2026-07-20 11:21:09.291 -07:00 [INF] Ensuring user location schema repair...
2026-07-20 11:21:09.292 -07:00 [INF] Ensuring locality schema and California city data...
2026-07-20 11:21:09.703 -07:00 [INF] Ensuring seed history schema...
2026-07-20 11:21:09.711 -07:00 [INF] Seed version InitialMarketplaceDataV1 already applied. Skipping seed data.
2026-07-20 11:21:09.711 -07:00 [INF] Database initialization completed
2026-07-20 11:21:18.340 -07:00 [INF] HTTP OPTIONS /api/v1/ads responded 204 in 16.0332 ms
2026-07-20 11:21:18.340 -07:00 [INF] HTTP OPTIONS /api/v1/ads responded 204 in 16.4217 ms
2026-07-20 11:21:18.339 -07:00 [INF] HTTP OPTIONS /api/v1/ads responded 204 in 14.8589 ms
2026-07-20 11:21:18.425 -07:00 [INF] HTTP OPTIONS /api/v1/favorites responded 204 in 0.0867 ms
2026-07-20 11:21:18.440 -07:00 [INF] HTTP OPTIONS /api/v1/feed/home responded 204 in 21.0618 ms
2026-07-20 11:21:18.446 -07:00 [INF] HTTP OPTIONS /api/v1/messages responded 204 in 4.8514 ms
2026-07-20 11:21:18.461 -07:00 [INF] HTTP OPTIONS /api/v1/notifications responded 204 in 0.0759 ms
2026-07-20 11:21:18.464 -07:00 [INF] HTTP OPTIONS /api/v1/favorites responded 204 in 0.0812 ms
2026-07-20 11:21:18.465 -07:00 [INF] HTTP OPTIONS /api/v1/messages responded 204 in 0.0645 ms
2026-07-20 11:21:18.468 -07:00 [INF] HTTP OPTIONS /api/v1/notifications responded 204 in 0.1138 ms
2026-07-20 11:21:18.914 -07:00 [INF] HTTP GET /api/v1/ads responded 200 in 488.3968 ms
2026-07-20 11:21:18.914 -07:00 [INF] HTTP GET /api/v1/ads responded 200 in 500.5383 ms
2026-07-20 11:21:18.914 -07:00 [INF] HTTP GET /api/v1/ads responded 200 in 500.7355 ms
2026-07-20 11:21:18.925 -07:00 [INF] HTTP GET /api/v1/favorites responded 200 in 457.2479 ms
2026-07-20 11:21:18.929 -07:00 [INF] HTTP GET /api/v1/favorites responded 200 in 10.7528 ms
2026-07-20 11:21:19.008 -07:00 [INF] HTTP GET /api/v1/notifications responded 200 in 89.7953 ms
2026-07-20 11:21:19.008 -07:00 [INF] HTTP GET /api/v1/notifications responded 200 in 76.7083 ms
2026-07-20 11:21:19.009 -07:00 [INF] HTTP OPTIONS /api/v1/ads/019f6751-956b-7a5e-b9d8-0ef3c1dcd66d/impression responded 204 in 0.1876 ms
2026-07-20 11:21:19.010 -07:00 [INF] HTTP OPTIONS /api/v1/ads/019f6751-958a-7a15-a575-98aaa0e56c88/impression responded 204 in 0.0565 ms
2026-07-20 11:21:19.011 -07:00 [INF] HTTP OPTIONS /api/v1/ads/019f6751-9588-7e1c-b138-098134567940/impression responded 204 in 0.0263 ms
2026-07-20 11:21:19.035 -07:00 [INF] HTTP GET /api/v1/feed/home responded 200 in 565.2946 ms
2026-07-20 11:21:19.119 -07:00 [INF] HTTP GET /api/v1/site-settings responded 200 in 793.9255 ms
2026-07-20 11:21:19.131 -07:00 [INF] HTTP GET /api/v1/messages responded 200 in 202.9663 ms
2026-07-20 11:21:19.132 -07:00 [INF] HTTP GET /api/v1/messages responded 200 in 213.6663 ms
2026-07-20 11:21:19.284 -07:00 [INF] HTTP GET /site/logo-openmarketplace.svg responded 200 in 33.5970 ms
2026-07-20 11:21:19.373 -07:00 [INF] HTTP POST /api/v1/ads/019f6751-956b-7a5e-b9d8-0ef3c1dcd66d/impression responded 200 in 360.9373 ms
2026-07-20 11:21:19.373 -07:00 [INF] HTTP POST /api/v1/ads/019f6751-958a-7a15-a575-98aaa0e56c88/impression responded 200 in 360.8419 ms
2026-07-20 11:21:19.373 -07:00 [INF] HTTP POST /api/v1/ads/019f6751-9588-7e1c-b138-098134567940/impression responded 200 in 336.4530 ms
2026-07-20 11:21:23.147 -07:00 [INF] HTTP OPTIONS /api/v1/ads/019f6751-958b-7d8a-a9a6-0f853bb35f0f/impression responded 204 in 0.7598 ms
2026-07-20 11:21:23.155 -07:00 [INF] HTTP OPTIONS /api/v1/ads/019f6751-9586-79ca-a9e4-063106266335/impression responded 204 in 0.5720 ms
2026-07-20 11:21:23.156 -07:00 [INF] HTTP OPTIONS /api/v1/ads/019f6751-9589-76dd-a1a8-4c3bf2cfc076/impression responded 204 in 0.0691 ms
2026-07-20 11:21:23.208 -07:00 [INF] HTTP POST /api/v1/ads/019f6751-958b-7d8a-a9a6-0f853bb35f0f/impression responded 200 in 55.3194 ms
2026-07-20 11:21:23.208 -07:00 [INF] HTTP POST /api/v1/ads/019f6751-9589-76dd-a1a8-4c3bf2cfc076/impression responded 200 in 49.0706 ms
2026-07-20 11:21:23.208 -07:00 [INF] HTTP POST /api/v1/ads/019f6751-9586-79ca-a9e4-063106266335/impression responded 200 in 50.0222 ms
2026-07-20 11:21:27.336 -07:00 [INF] HTTP OPTIONS /api/v1/ads/019f6751-958a-7a15-a575-98aaa0e56c88/impression responded 204 in 0.3701 ms
2026-07-20 11:21:27.354 -07:00 [INF] HTTP OPTIONS /api/v1/ads/019f6751-956b-7a5e-b9d8-0ef3c1dcd66d/impression responded 204 in 0.0571 ms
2026-07-20 11:21:27.360 -07:00 [INF] HTTP OPTIONS /api/v1/ads/019f6751-9588-7e1c-b138-098134567940/impression responded 204 in 0.0484 ms
2026-07-20 11:21:27.360 -07:00 [INF] HTTP POST /api/v1/ads/019f6751-958a-7a15-a575-98aaa0e56c88/impression responded 200 in 21.4752 ms
2026-07-20 11:21:27.362 -07:00 [INF] HTTP POST /api/v1/ads/019f6751-956b-7a5e-b9d8-0ef3c1dcd66d/impression responded 200 in 5.4715 ms
2026-07-20 11:21:27.366 -07:00 [INF] HTTP POST /api/v1/ads/019f6751-9588-7e1c-b138-098134567940/impression responded 200 in 5.1129 ms
2026-07-20 11:21:31.531 -07:00 [INF] HTTP OPTIONS /api/v1/ads/019f6751-958b-7d8a-a9a6-0f853bb35f0f/impression responded 204 in 0.1267 ms
2026-07-20 11:21:31.538 -07:00 [INF] HTTP POST /api/v1/ads/019f6751-958b-7d8a-a9a6-0f853bb35f0f/impression responded 200 in 5.3364 ms
2026-07-20 11:21:31.549 -07:00 [INF] HTTP OPTIONS /api/v1/ads/019f6751-9586-79ca-a9e4-063106266335/impression responded 204 in 0.0556 ms
2026-07-20 11:21:31.554 -07:00 [INF] HTTP OPTIONS /api/v1/ads/019f6751-9589-76dd-a1a8-4c3bf2cfc076/impression responded 204 in 0.0471 ms
2026-07-20 11:21:31.561 -07:00 [INF] HTTP POST /api/v1/ads/019f6751-9586-79ca-a9e4-063106266335/impression responded 200 in 10.7248 ms
2026-07-20 11:21:31.562 -07:00 [INF] HTTP POST /api/v1/ads/019f6751-9589-76dd-a1a8-4c3bf2cfc076/impression responded 200 in 5.3144 ms
2026-07-20 11:21:35.747 -07:00 [INF] HTTP OPTIONS /api/v1/ads/019f6751-958a-7a15-a575-98aaa0e56c88/impression responded 204 in 1.3279 ms
2026-07-20 11:21:35.759 -07:00 [INF] HTTP OPTIONS /api/v1/ads/019f6751-956b-7a5e-b9d8-0ef3c1dcd66d/impression responded 204 in 0.2386 ms
2026-07-20 11:21:35.760 -07:00 [INF] HTTP OPTIONS /api/v1/ads/019f6751-9588-7e1c-b138-098134567940/impression responded 204 in 0.1603 ms
2026-07-20 11:21:35.785 -07:00 [INF] HTTP POST /api/v1/ads/019f6751-956b-7a5e-b9d8-0ef3c1dcd66d/impression responded 200 in 22.0217 ms
2026-07-20 11:21:35.785 -07:00 [INF] HTTP POST /api/v1/ads/019f6751-9588-7e1c-b138-098134567940/impression responded 200 in 19.7120 ms
2026-07-20 11:21:35.785 -07:00 [INF] HTTP POST /api/v1/ads/019f6751-958a-7a15-a575-98aaa0e56c88/impression responded 200 in 33.8483 ms
2026-07-20 11:21:39.935 -07:00 [INF] HTTP OPTIONS /api/v1/ads/019f6751-958b-7d8a-a9a6-0f853bb35f0f/impression responded 204 in 0.3313 ms
2026-07-20 11:21:39.958 -07:00 [INF] HTTP OPTIONS /api/v1/ads/019f6751-9586-79ca-a9e4-063106266335/impression responded 204 in 0.0543 ms
2026-07-20 11:21:39.966 -07:00 [INF] HTTP OPTIONS /api/v1/ads/019f6751-9589-76dd-a1a8-4c3bf2cfc076/impression responded 204 in 0.0520 ms
2026-07-20 11:21:39.974 -07:00 [INF] HTTP POST /api/v1/ads/019f6751-958b-7d8a-a9a6-0f853bb35f0f/impression responded 200 in 37.1055 ms
2026-07-20 11:21:39.983 -07:00 [INF] HTTP POST /api/v1/ads/019f6751-9586-79ca-a9e4-063106266335/impression responded 200 in 20.9480 ms
2026-07-20 11:21:39.984 -07:00 [INF] HTTP POST /api/v1/ads/019f6751-9589-76dd-a1a8-4c3bf2cfc076/impression responded 200 in 14.6708 ms
2026-07-20 11:21:44.141 -07:00 [INF] HTTP OPTIONS /api/v1/ads/019f6751-958a-7a15-a575-98aaa0e56c88/impression responded 204 in 1.8426 ms
2026-07-20 11:21:44.163 -07:00 [INF] HTTP OPTIONS /api/v1/ads/019f6751-956b-7a5e-b9d8-0ef3c1dcd66d/impression responded 204 in 0.0384 ms
2026-07-20 11:21:44.165 -07:00 [INF] HTTP OPTIONS /api/v1/ads/019f6751-9588-7e1c-b138-098134567940/impression responded 204 in 0.0337 ms
2026-07-20 11:21:44.276 -07:00 [INF] HTTP POST /api/v1/ads/019f6751-9588-7e1c-b138-098134567940/impression responded 200 in 44.2283 ms
2026-07-20 11:21:44.276 -07:00 [INF] HTTP POST /api/v1/ads/019f6751-956b-7a5e-b9d8-0ef3c1dcd66d/impression responded 200 in 44.7706 ms
2026-07-20 11:21:44.276 -07:00 [INF] HTTP POST /api/v1/ads/019f6751-958a-7a15-a575-98aaa0e56c88/impression responded 200 in 132.4071 ms
2026-07-20 11:21:48.340 -07:00 [INF] HTTP OPTIONS /api/v1/ads/019f6751-958b-7d8a-a9a6-0f853bb35f0f/impression responded 204 in 1.1553 ms
2026-07-20 11:21:48.358 -07:00 [INF] HTTP OPTIONS /api/v1/ads/019f6751-9586-79ca-a9e4-063106266335/impression responded 204 in 0.3335 ms
2026-07-20 11:21:48.364 -07:00 [INF] HTTP OPTIONS /api/v1/ads/019f6751-9589-76dd-a1a8-4c3bf2cfc076/impression responded 204 in 0.2963 ms
2026-07-20 11:21:48.427 -07:00 [INF] HTTP POST /api/v1/ads/019f6751-9586-79ca-a9e4-063106266335/impression responded 200 in 59.4451 ms
2026-07-20 11:21:48.427 -07:00 [INF] HTTP POST /api/v1/ads/019f6751-9589-76dd-a1a8-4c3bf2cfc076/impression responded 200 in 49.5376 ms
2026-07-20 11:21:48.427 -07:00 [INF] HTTP POST /api/v1/ads/019f6751-958b-7d8a-a9a6-0f853bb35f0f/impression responded 200 in 78.0813 ms
2026-07-20 11:21:52.544 -07:00 [INF] HTTP OPTIONS /api/v1/ads/019f6751-958a-7a15-a575-98aaa0e56c88/impression responded 204 in 0.1175 ms
2026-07-20 11:21:52.556 -07:00 [INF] HTTP OPTIONS /api/v1/ads/019f6751-956b-7a5e-b9d8-0ef3c1dcd66d/impression responded 204 in 0.0356 ms
2026-07-20 11:21:52.559 -07:00 [INF] HTTP OPTIONS /api/v1/ads/019f6751-9588-7e1c-b138-098134567940/impression responded 204 in 0.0327 ms
2026-07-20 11:21:52.563 -07:00 [INF] HTTP POST /api/v1/ads/019f6751-958a-7a15-a575-98aaa0e56c88/impression responded 200 in 15.9137 ms
2026-07-20 11:21:52.573 -07:00 [INF] HTTP POST /api/v1/ads/019f6751-956b-7a5e-b9d8-0ef3c1dcd66d/impression responded 200 in 14.3364 ms
2026-07-20 11:21:52.574 -07:00 [INF] HTTP POST /api/v1/ads/019f6751-9588-7e1c-b138-098134567940/impression responded 200 in 13.7466 ms
2026-07-20 11:21:56.970 -07:00 [INF] HTTP OPTIONS /api/v1/ads/019f6751-958b-7d8a-a9a6-0f853bb35f0f/impression responded 204 in 5.0374 ms
2026-07-20 11:21:56.972 -07:00 [INF] HTTP OPTIONS /api/v1/ads/019f6751-9586-79ca-a9e4-063106266335/impression responded 204 in 17.2813 ms
2026-07-20 11:21:56.970 -07:00 [INF] HTTP OPTIONS /api/v1/ads/019f6751-9589-76dd-a1a8-4c3bf2cfc076/impression responded 204 in 12.8091 ms
2026-07-20 11:21:57.463 -07:00 [INF] HTTP POST /api/v1/ads/019f6751-9586-79ca-a9e4-063106266335/impression responded 200 in 433.1881 ms
2026-07-20 11:21:57.464 -07:00 [INF] HTTP POST /api/v1/ads/019f6751-958b-7d8a-a9a6-0f853bb35f0f/impression responded 200 in 484.5907 ms
2026-07-20 11:21:57.479 -07:00 [INF] HTTP POST /api/v1/ads/019f6751-9589-76dd-a1a8-4c3bf2cfc076/impression responded 200 in 363.3218 ms
2026-07-20 11:22:00.942 -07:00 [INF] HTTP OPTIONS /api/v1/ads/019f6751-958a-7a15-a575-98aaa0e56c88/impression responded 204 in 0.7160 ms
2026-07-20 11:22:00.961 -07:00 [INF] HTTP OPTIONS /api/v1/ads/019f6751-9588-7e1c-b138-098134567940/impression responded 204 in 0.0763 ms
2026-07-20 11:22:00.962 -07:00 [INF] HTTP OPTIONS /api/v1/ads/019f6751-956b-7a5e-b9d8-0ef3c1dcd66d/impression responded 204 in 0.8356 ms
2026-07-20 11:22:01.003 -07:00 [INF] HTTP POST /api/v1/ads/019f6751-956b-7a5e-b9d8-0ef3c1dcd66d/impression responded 200 in 27.1010 ms
2026-07-20 11:22:01.008 -07:00 [INF] HTTP POST /api/v1/ads/019f6751-9588-7e1c-b138-098134567940/impression responded 200 in 36.1719 ms
2026-07-20 11:22:01.008 -07:00 [INF] HTTP POST /api/v1/ads/019f6751-958a-7a15-a575-98aaa0e56c88/impression responded 200 in 64.2063 ms
2026-07-20 11:22:05.135 -07:00 [INF] HTTP OPTIONS /api/v1/ads/019f6751-958b-7d8a-a9a6-0f853bb35f0f/impression responded 204 in 0.2846 ms
2026-07-20 11:22:05.212 -07:00 [INF] HTTP POST /api/v1/ads/019f6751-958b-7d8a-a9a6-0f853bb35f0f/impression responded 200 in 71.9173 ms
2026-07-20 11:22:05.231 -07:00 [INF] HTTP OPTIONS /api/v1/ads/019f6751-9586-79ca-a9e4-063106266335/impression responded 204 in 0.0334 ms
2026-07-20 11:22:05.231 -07:00 [INF] HTTP OPTIONS /api/v1/ads/019f6751-9589-76dd-a1a8-4c3bf2cfc076/impression responded 204 in 0.0500 ms
2026-07-20 11:22:05.244 -07:00 [INF] HTTP POST /api/v1/ads/019f6751-9586-79ca-a9e4-063106266335/impression responded 200 in 11.4244 ms
2026-07-20 11:22:05.245 -07:00 [INF] HTTP POST /api/v1/ads/019f6751-9589-76dd-a1a8-4c3bf2cfc076/impression responded 200 in 9.3095 ms
2026-07-20 11:22:09.334 -07:00 [INF] HTTP OPTIONS /api/v1/ads/019f6751-958a-7a15-a575-98aaa0e56c88/impression responded 204 in 0.1849 ms
2026-07-20 11:22:09.341 -07:00 [INF] HTTP POST /api/v1/ads/019f6751-958a-7a15-a575-98aaa0e56c88/impression responded 200 in 5.3733 ms
2026-07-20 11:22:09.349 -07:00 [INF] HTTP OPTIONS /api/v1/ads/019f6751-956b-7a5e-b9d8-0ef3c1dcd66d/impression responded 204 in 0.0279 ms
2026-07-20 11:22:09.354 -07:00 [INF] HTTP OPTIONS /api/v1/ads/019f6751-9588-7e1c-b138-098134567940/impression responded 204 in 0.0469 ms
2026-07-20 11:22:09.356 -07:00 [INF] HTTP POST /api/v1/ads/019f6751-956b-7a5e-b9d8-0ef3c1dcd66d/impression responded 200 in 5.0557 ms
2026-07-20 11:22:09.361 -07:00 [INF] HTTP POST /api/v1/ads/019f6751-9588-7e1c-b138-098134567940/impression responded 200 in 5.7409 ms
2026-07-20 11:22:13.555 -07:00 [INF] HTTP OPTIONS /api/v1/ads/019f6751-958b-7d8a-a9a6-0f853bb35f0f/impression responded 204 in 0.8474 ms
2026-07-20 11:22:13.572 -07:00 [INF] HTTP OPTIONS /api/v1/ads/019f6751-9586-79ca-a9e4-063106266335/impression responded 204 in 0.4780 ms
2026-07-20 11:22:13.572 -07:00 [INF] HTTP OPTIONS /api/v1/ads/019f6751-9589-76dd-a1a8-4c3bf2cfc076/impression responded 204 in 0.0211 ms
2026-07-20 11:22:13.644 -07:00 [INF] HTTP POST /api/v1/ads/019f6751-958b-7d8a-a9a6-0f853bb35f0f/impression responded 200 in 66.7907 ms
2026-07-20 11:22:13.644 -07:00 [INF] HTTP POST /api/v1/ads/019f6751-9586-79ca-a9e4-063106266335/impression responded 200 in 63.0818 ms
2026-07-20 11:22:13.644 -07:00 [INF] HTTP POST /api/v1/ads/019f6751-9589-76dd-a1a8-4c3bf2cfc076/impression responded 200 in 65.1525 ms
2026-07-20 11:22:17.730 -07:00 [INF] HTTP OPTIONS /api/v1/ads/019f6751-958a-7a15-a575-98aaa0e56c88/impression responded 204 in 0.0840 ms
2026-07-20 11:22:17.735 -07:00 [INF] HTTP POST /api/v1/ads/019f6751-958a-7a15-a575-98aaa0e56c88/impression responded 200 in 4.1455 ms
2026-07-20 11:22:17.754 -07:00 [INF] HTTP OPTIONS /api/v1/ads/019f6751-9588-7e1c-b138-098134567940/impression responded 204 in 0.0538 ms
2026-07-20 11:22:17.755 -07:00 [INF] HTTP OPTIONS /api/v1/ads/019f6751-956b-7a5e-b9d8-0ef3c1dcd66d/impression responded 204 in 0.4045 ms
2026-07-20 11:22:17.764 -07:00 [INF] HTTP POST /api/v1/ads/019f6751-9588-7e1c-b138-098134567940/impression responded 200 in 6.4882 ms
2026-07-20 11:22:17.764 -07:00 [INF] HTTP POST /api/v1/ads/019f6751-956b-7a5e-b9d8-0ef3c1dcd66d/impression responded 200 in 6.6926 ms
2026-07-20 11:22:21.949 -07:00 [INF] HTTP OPTIONS /api/v1/ads/019f6751-958b-7d8a-a9a6-0f853bb35f0f/impression responded 204 in 0.5900 ms
2026-07-20 11:22:21.962 -07:00 [INF] HTTP OPTIONS /api/v1/ads/019f6751-9586-79ca-a9e4-063106266335/impression responded 204 in 0.1549 ms
2026-07-20 11:22:21.965 -07:00 [INF] HTTP OPTIONS /api/v1/ads/019f6751-9589-76dd-a1a8-4c3bf2cfc076/impression responded 204 in 1.3703 ms
2026-07-20 11:22:22.005 -07:00 [INF] HTTP POST /api/v1/ads/019f6751-958b-7d8a-a9a6-0f853bb35f0f/impression responded 200 in 47.9858 ms
2026-07-20 11:22:22.005 -07:00 [INF] HTTP POST /api/v1/ads/019f6751-9589-76dd-a1a8-4c3bf2cfc076/impression responded 200 in 38.2884 ms
2026-07-20 11:22:22.005 -07:00 [INF] HTTP POST /api/v1/ads/019f6751-9586-79ca-a9e4-063106266335/impression responded 200 in 39.3752 ms
2026-07-20 11:22:26.131 -07:00 [INF] HTTP OPTIONS /api/v1/ads/019f6751-958a-7a15-a575-98aaa0e56c88/impression responded 204 in 0.0558 ms
2026-07-20 11:22:26.138 -07:00 [INF] HTTP POST /api/v1/ads/019f6751-958a-7a15-a575-98aaa0e56c88/impression responded 200 in 5.5764 ms
2026-07-20 11:22:26.154 -07:00 [INF] HTTP OPTIONS /api/v1/ads/019f6751-956b-7a5e-b9d8-0ef3c1dcd66d/impression responded 204 in 0.0353 ms
2026-07-20 11:22:26.155 -07:00 [INF] HTTP OPTIONS /api/v1/ads/019f6751-9588-7e1c-b138-098134567940/impression responded 204 in 0.0589 ms
2026-07-20 11:22:26.164 -07:00 [INF] HTTP POST /api/v1/ads/019f6751-956b-7a5e-b9d8-0ef3c1dcd66d/impression responded 200 in 9.1289 ms
2026-07-20 11:22:26.185 -07:00 [INF] HTTP POST /api/v1/ads/019f6751-9588-7e1c-b138-098134567940/impression responded 200 in 28.9900 ms
2026-07-20 11:22:30.332 -07:00 [INF] HTTP OPTIONS /api/v1/ads/019f6751-958b-7d8a-a9a6-0f853bb35f0f/impression responded 204 in 0.1698 ms
2026-07-20 11:22:30.355 -07:00 [INF] HTTP POST /api/v1/ads/019f6751-958b-7d8a-a9a6-0f853bb35f0f/impression responded 200 in 21.9021 ms
2026-07-20 11:22:30.374 -07:00 [INF] HTTP OPTIONS /api/v1/ads/019f6751-9586-79ca-a9e4-063106266335/impression responded 204 in 0.0305 ms
2026-07-20 11:22:30.374 -07:00 [INF] HTTP OPTIONS /api/v1/ads/019f6751-9589-76dd-a1a8-4c3bf2cfc076/impression responded 204 in 0.0249 ms
2026-07-20 11:22:30.397 -07:00 [INF] HTTP POST /api/v1/ads/019f6751-9589-76dd-a1a8-4c3bf2cfc076/impression responded 200 in 12.1982 ms
2026-07-20 11:22:30.397 -07:00 [INF] HTTP POST /api/v1/ads/019f6751-9586-79ca-a9e4-063106266335/impression responded 200 in 12.6983 ms
2026-07-20 11:22:34.555 -07:00 [INF] HTTP OPTIONS /api/v1/ads/019f6751-9588-7e1c-b138-098134567940/impression responded 204 in 0.1284 ms
2026-07-20 11:22:34.555 -07:00 [INF] HTTP OPTIONS /api/v1/ads/019f6751-956b-7a5e-b9d8-0ef3c1dcd66d/impression responded 204 in 0.1367 ms
2026-07-20 11:22:34.573 -07:00 [INF] HTTP POST /api/v1/ads/019f6751-9588-7e1c-b138-098134567940/impression responded 200 in 13.6323 ms
2026-07-20 11:22:34.573 -07:00 [INF] HTTP POST /api/v1/ads/019f6751-956b-7a5e-b9d8-0ef3c1dcd66d/impression responded 200 in 13.5310 ms
2026-07-20 11:22:38.784 -07:00 [INF] HTTP OPTIONS /api/v1/ads/019f6751-9586-79ca-a9e4-063106266335/impression responded 204 in 0.9279 ms
2026-07-20 11:22:38.784 -07:00 [INF] HTTP OPTIONS /api/v1/ads/019f6751-9589-76dd-a1a8-4c3bf2cfc076/impression responded 204 in 0.5364 ms
2026-07-20 11:22:38.865 -07:00 [INF] HTTP POST /api/v1/ads/019f6751-9586-79ca-a9e4-063106266335/impression responded 200 in 64.1241 ms
2026-07-20 11:22:38.865 -07:00 [INF] HTTP POST /api/v1/ads/019f6751-9589-76dd-a1a8-4c3bf2cfc076/impression responded 200 in 64.0255 ms
2026-07-20 11:22:42.951 -07:00 [INF] HTTP OPTIONS /api/v1/ads/019f6751-9588-7e1c-b138-098134567940/impression responded 204 in 0.0476 ms
2026-07-20 11:22:42.959 -07:00 [INF] HTTP POST /api/v1/ads/019f6751-9588-7e1c-b138-098134567940/impression responded 200 in 5.6963 ms
2026-07-20 11:22:45.819 -07:00 [INF] HTTP OPTIONS /api/v1/ads/019f6751-958a-7a15-a575-98aaa0e56c88/impression responded 204 in 0.0298 ms
2026-07-20 11:22:45.831 -07:00 [INF] HTTP POST /api/v1/ads/019f6751-958a-7a15-a575-98aaa0e56c88/impression responded 200 in 10.7472 ms
2026-07-20 11:22:45.909 -07:00 [INF] HTTP OPTIONS /api/v1/ads/019f6751-956b-7a5e-b9d8-0ef3c1dcd66d/impression responded 204 in 0.0767 ms
2026-07-20 11:22:45.959 -07:00 [INF] HTTP POST /api/v1/ads/019f6751-956b-7a5e-b9d8-0ef3c1dcd66d/impression responded 200 in 49.0754 ms
2026-07-20 11:22:47.155 -07:00 [INF] HTTP OPTIONS /api/v1/ads/019f6751-9589-76dd-a1a8-4c3bf2cfc076/impression responded 204 in 0.1478 ms
2026-07-20 11:22:47.168 -07:00 [INF] HTTP POST /api/v1/ads/019f6751-9589-76dd-a1a8-4c3bf2cfc076/impression responded 200 in 11.1830 ms
2026-07-20 11:22:50.022 -07:00 [INF] HTTP OPTIONS /api/v1/ads/019f6751-958b-7d8a-a9a6-0f853bb35f0f/impression responded 204 in 0.2659 ms
2026-07-20 11:22:50.032 -07:00 [INF] HTTP POST /api/v1/ads/019f6751-958b-7d8a-a9a6-0f853bb35f0f/impression responded 200 in 6.7088 ms
2026-07-20 11:22:50.108 -07:00 [INF] HTTP OPTIONS /api/v1/ads/019f6751-9586-79ca-a9e4-063106266335/impression responded 204 in 0.0296 ms
2026-07-20 11:22:50.113 -07:00 [INF] HTTP POST /api/v1/ads/019f6751-9586-79ca-a9e4-063106266335/impression responded 200 in 3.5850 ms
2026-07-20 11:22:51.349 -07:00 [INF] HTTP OPTIONS /api/v1/ads/019f6751-9588-7e1c-b138-098134567940/impression responded 204 in 0.0285 ms
2026-07-20 11:22:51.356 -07:00 [INF] HTTP POST /api/v1/ads/019f6751-9588-7e1c-b138-098134567940/impression responded 200 in 5.8864 ms
2026-07-20 11:22:54.223 -07:00 [INF] HTTP OPTIONS /api/v1/ads/019f6751-958a-7a15-a575-98aaa0e56c88/impression responded 204 in 0.0808 ms
2026-07-20 11:22:54.242 -07:00 [INF] HTTP POST /api/v1/ads/019f6751-958a-7a15-a575-98aaa0e56c88/impression responded 200 in 16.9744 ms
2026-07-20 11:22:54.312 -07:00 [INF] HTTP OPTIONS /api/v1/ads/019f6751-956b-7a5e-b9d8-0ef3c1dcd66d/impression responded 204 in 0.0677 ms
2026-07-20 11:22:54.328 -07:00 [INF] HTTP POST /api/v1/ads/019f6751-956b-7a5e-b9d8-0ef3c1dcd66d/impression responded 200 in 14.1637 ms
2026-07-20 11:22:55.552 -07:00 [INF] HTTP OPTIONS /api/v1/ads/019f6751-9589-76dd-a1a8-4c3bf2cfc076/impression responded 204 in 0.0423 ms
2026-07-20 11:22:55.577 -07:00 [INF] HTTP POST /api/v1/ads/019f6751-9589-76dd-a1a8-4c3bf2cfc076/impression responded 200 in 24.3629 ms
2026-07-20 11:22:58.418 -07:00 [INF] HTTP OPTIONS /api/v1/ads/019f6751-958b-7d8a-a9a6-0f853bb35f0f/impression responded 204 in 0.0975 ms
2026-07-20 11:22:58.452 -07:00 [INF] HTTP POST /api/v1/ads/019f6751-958b-7d8a-a9a6-0f853bb35f0f/impression responded 200 in 32.2736 ms
2026-07-20 11:22:58.514 -07:00 [INF] HTTP OPTIONS /api/v1/ads/019f6751-9586-79ca-a9e4-063106266335/impression responded 204 in 0.0294 ms
2026-07-20 11:22:58.532 -07:00 [INF] HTTP POST /api/v1/ads/019f6751-9586-79ca-a9e4-063106266335/impression responded 200 in 17.5648 ms
2026-07-20 11:22:59.749 -07:00 [INF] HTTP OPTIONS /api/v1/ads/019f6751-9588-7e1c-b138-098134567940/impression responded 204 in 0.0321 ms
2026-07-20 11:22:59.754 -07:00 [INF] HTTP POST /api/v1/ads/019f6751-9588-7e1c-b138-098134567940/impression responded 200 in 3.5163 ms
2026-07-20 11:23:02.618 -07:00 [INF] HTTP OPTIONS /api/v1/ads/019f6751-958a-7a15-a575-98aaa0e56c88/impression responded 204 in 0.0588 ms
2026-07-20 11:23:02.626 -07:00 [INF] HTTP POST /api/v1/ads/019f6751-958a-7a15-a575-98aaa0e56c88/impression responded 200 in 5.4069 ms
2026-07-20 11:23:02.720 -07:00 [INF] HTTP OPTIONS /api/v1/ads/019f6751-956b-7a5e-b9d8-0ef3c1dcd66d/impression responded 204 in 0.0729 ms
2026-07-20 11:23:02.728 -07:00 [INF] HTTP POST /api/v1/ads/019f6751-956b-7a5e-b9d8-0ef3c1dcd66d/impression responded 200 in 6.1094 ms
2026-07-20 11:23:03.952 -07:00 [INF] HTTP OPTIONS /api/v1/ads/019f6751-9589-76dd-a1a8-4c3bf2cfc076/impression responded 204 in 0.2243 ms
2026-07-20 11:23:03.961 -07:00 [INF] HTTP POST /api/v1/ads/019f6751-9589-76dd-a1a8-4c3bf2cfc076/impression responded 200 in 7.8175 ms
2026-07-20 11:23:06.815 -07:00 [INF] HTTP OPTIONS /api/v1/ads/019f6751-958b-7d8a-a9a6-0f853bb35f0f/impression responded 204 in 0.0449 ms
2026-07-20 11:23:06.830 -07:00 [INF] HTTP POST /api/v1/ads/019f6751-958b-7d8a-a9a6-0f853bb35f0f/impression responded 200 in 10.8719 ms
2026-07-20 11:23:06.910 -07:00 [INF] HTTP OPTIONS /api/v1/ads/019f6751-9586-79ca-a9e4-063106266335/impression responded 204 in 0.0368 ms
2026-07-20 11:23:06.920 -07:00 [INF] HTTP POST /api/v1/ads/019f6751-9586-79ca-a9e4-063106266335/impression responded 200 in 8.5493 ms
2026-07-20 11:23:08.150 -07:00 [INF] HTTP OPTIONS /api/v1/ads/019f6751-9588-7e1c-b138-098134567940/impression responded 204 in 0.2432 ms
2026-07-20 11:23:08.169 -07:00 [INF] HTTP POST /api/v1/ads/019f6751-9588-7e1c-b138-098134567940/impression responded 200 in 17.0811 ms
2026-07-20 11:23:11.018 -07:00 [INF] HTTP OPTIONS /api/v1/ads/019f6751-958a-7a15-a575-98aaa0e56c88/impression responded 204 in 0.0343 ms
2026-07-20 11:23:11.022 -07:00 [INF] HTTP POST /api/v1/ads/019f6751-958a-7a15-a575-98aaa0e56c88/impression responded 200 in 3.2658 ms
2026-07-20 11:23:11.109 -07:00 [INF] HTTP OPTIONS /api/v1/ads/019f6751-956b-7a5e-b9d8-0ef3c1dcd66d/impression responded 204 in 0.2153 ms
2026-07-20 11:23:11.114 -07:00 [INF] HTTP POST /api/v1/ads/019f6751-956b-7a5e-b9d8-0ef3c1dcd66d/impression responded 200 in 3.2048 ms
2026-07-20 11:23:12.350 -07:00 [INF] HTTP OPTIONS /api/v1/ads/019f6751-9589-76dd-a1a8-4c3bf2cfc076/impression responded 204 in 0.0343 ms
2026-07-20 11:23:12.356 -07:00 [INF] HTTP POST /api/v1/ads/019f6751-9589-76dd-a1a8-4c3bf2cfc076/impression responded 200 in 4.7576 ms
2026-07-20 11:23:15.225 -07:00 [INF] HTTP OPTIONS /api/v1/ads/019f6751-958b-7d8a-a9a6-0f853bb35f0f/impression responded 204 in 1.0856 ms
2026-07-20 11:23:15.280 -07:00 [INF] HTTP POST /api/v1/ads/019f6751-958b-7d8a-a9a6-0f853bb35f0f/impression responded 200 in 52.3254 ms
2026-07-20 11:23:15.311 -07:00 [INF] HTTP OPTIONS /api/v1/ads/019f6751-9586-79ca-a9e4-063106266335/impression responded 204 in 0.0306 ms
2026-07-20 11:23:15.321 -07:00 [INF] HTTP POST /api/v1/ads/019f6751-9586-79ca-a9e4-063106266335/impression responded 200 in 8.7658 ms
2026-07-20 11:23:16.549 -07:00 [INF] HTTP OPTIONS /api/v1/ads/019f6751-9588-7e1c-b138-098134567940/impression responded 204 in 0.0559 ms
2026-07-20 11:23:16.561 -07:00 [INF] HTTP POST /api/v1/ads/019f6751-9588-7e1c-b138-098134567940/impression responded 200 in 10.5153 ms
2026-07-20 11:23:19.428 -07:00 [INF] HTTP OPTIONS /api/v1/ads/019f6751-958a-7a15-a575-98aaa0e56c88/impression responded 204 in 0.3123 ms
2026-07-20 11:23:19.486 -07:00 [INF] HTTP POST /api/v1/ads/019f6751-958a-7a15-a575-98aaa0e56c88/impression responded 200 in 55.0060 ms
2026-07-20 11:23:19.514 -07:00 [INF] HTTP OPTIONS /api/v1/ads/019f6751-956b-7a5e-b9d8-0ef3c1dcd66d/impression responded 204 in 0.1013 ms
2026-07-20 11:23:19.521 -07:00 [INF] HTTP POST /api/v1/ads/019f6751-956b-7a5e-b9d8-0ef3c1dcd66d/impression responded 200 in 5.4456 ms
2026-07-20 11:23:20.765 -07:00 [INF] HTTP OPTIONS /api/v1/ads/019f6751-9589-76dd-a1a8-4c3bf2cfc076/impression responded 204 in 0.0748 ms
2026-07-20 11:23:20.772 -07:00 [INF] HTTP POST /api/v1/ads/019f6751-9589-76dd-a1a8-4c3bf2cfc076/impression responded 200 in 5.2784 ms
2026-07-20 11:23:23.617 -07:00 [INF] HTTP OPTIONS /api/v1/ads/019f6751-958b-7d8a-a9a6-0f853bb35f0f/impression responded 204 in 0.0581 ms
2026-07-20 11:23:23.631 -07:00 [INF] HTTP POST /api/v1/ads/019f6751-958b-7d8a-a9a6-0f853bb35f0f/impression responded 200 in 11.8804 ms
2026-07-20 11:23:23.708 -07:00 [INF] HTTP OPTIONS /api/v1/ads/019f6751-9586-79ca-a9e4-063106266335/impression responded 204 in 0.0293 ms
2026-07-20 11:23:23.713 -07:00 [INF] HTTP POST /api/v1/ads/019f6751-9586-79ca-a9e4-063106266335/impression responded 200 in 3.7685 ms
2026-07-20 11:23:24.958 -07:00 [INF] HTTP OPTIONS /api/v1/ads/019f6751-9588-7e1c-b138-098134567940/impression responded 204 in 0.0948 ms
2026-07-20 11:23:24.984 -07:00 [INF] HTTP POST /api/v1/ads/019f6751-9588-7e1c-b138-098134567940/impression responded 200 in 19.5034 ms
2026-07-20 11:23:27.819 -07:00 [INF] HTTP OPTIONS /api/v1/ads/019f6751-958a-7a15-a575-98aaa0e56c88/impression responded 204 in 0.1380 ms
2026-07-20 11:23:27.827 -07:00 [INF] HTTP POST /api/v1/ads/019f6751-958a-7a15-a575-98aaa0e56c88/impression responded 200 in 6.2105 ms
2026-07-20 11:23:27.908 -07:00 [INF] HTTP OPTIONS /api/v1/ads/019f6751-956b-7a5e-b9d8-0ef3c1dcd66d/impression responded 204 in 0.0335 ms
2026-07-20 11:23:27.913 -07:00 [INF] HTTP POST /api/v1/ads/019f6751-956b-7a5e-b9d8-0ef3c1dcd66d/impression responded 200 in 3.5732 ms
2026-07-20 11:23:29.159 -07:00 [INF] HTTP OPTIONS /api/v1/ads/019f6751-9589-76dd-a1a8-4c3bf2cfc076/impression responded 204 in 0.1133 ms
2026-07-20 11:23:29.168 -07:00 [INF] HTTP POST /api/v1/ads/019f6751-9589-76dd-a1a8-4c3bf2cfc076/impression responded 200 in 6.6607 ms
2026-07-20 11:23:32.025 -07:00 [INF] HTTP OPTIONS /api/v1/ads/019f6751-958b-7d8a-a9a6-0f853bb35f0f/impression responded 204 in 0.1355 ms
2026-07-20 11:23:32.076 -07:00 [INF] HTTP POST /api/v1/ads/019f6751-958b-7d8a-a9a6-0f853bb35f0f/impression responded 200 in 47.5086 ms
2026-07-20 11:23:32.112 -07:00 [INF] HTTP OPTIONS /api/v1/ads/019f6751-9586-79ca-a9e4-063106266335/impression responded 204 in 0.0297 ms
2026-07-20 11:23:32.117 -07:00 [INF] HTTP POST /api/v1/ads/019f6751-9586-79ca-a9e4-063106266335/impression responded 200 in 4.2130 ms
2026-07-20 11:23:33.351 -07:00 [INF] HTTP OPTIONS /api/v1/ads/019f6751-9588-7e1c-b138-098134567940/impression responded 204 in 0.0559 ms
2026-07-20 11:23:33.356 -07:00 [INF] HTTP POST /api/v1/ads/019f6751-9588-7e1c-b138-098134567940/impression responded 200 in 4.4199 ms
2026-07-20 11:23:36.224 -07:00 [INF] HTTP OPTIONS /api/v1/ads/019f6751-958a-7a15-a575-98aaa0e56c88/impression responded 204 in 0.1145 ms
2026-07-20 11:23:36.236 -07:00 [INF] HTTP POST /api/v1/ads/019f6751-958a-7a15-a575-98aaa0e56c88/impression responded 200 in 8.0155 ms
2026-07-20 11:23:36.311 -07:00 [INF] HTTP OPTIONS /api/v1/ads/019f6751-956b-7a5e-b9d8-0ef3c1dcd66d/impression responded 204 in 0.1330 ms
2026-07-20 11:23:36.318 -07:00 [INF] HTTP POST /api/v1/ads/019f6751-956b-7a5e-b9d8-0ef3c1dcd66d/impression responded 200 in 5.4985 ms
2026-07-20 11:23:37.553 -07:00 [INF] HTTP OPTIONS /api/v1/ads/019f6751-9589-76dd-a1a8-4c3bf2cfc076/impression responded 204 in 0.0645 ms
2026-07-20 11:23:37.559 -07:00 [INF] HTTP POST /api/v1/ads/019f6751-9589-76dd-a1a8-4c3bf2cfc076/impression responded 200 in 5.4068 ms
2026-07-20 11:23:40.428 -07:00 [INF] HTTP OPTIONS /api/v1/ads/019f6751-958b-7d8a-a9a6-0f853bb35f0f/impression responded 204 in 0.1404 ms
2026-07-20 11:23:40.437 -07:00 [INF] HTTP POST /api/v1/ads/019f6751-958b-7d8a-a9a6-0f853bb35f0f/impression responded 200 in 6.8603 ms
2026-07-20 11:23:40.509 -07:00 [INF] HTTP OPTIONS /api/v1/ads/019f6751-9586-79ca-a9e4-063106266335/impression responded 204 in 0.0325 ms
2026-07-20 11:23:40.514 -07:00 [INF] HTTP POST /api/v1/ads/019f6751-9586-79ca-a9e4-063106266335/impression responded 200 in 4.2456 ms
2026-07-20 11:23:41.751 -07:00 [INF] HTTP OPTIONS /api/v1/ads/019f6751-9588-7e1c-b138-098134567940/impression responded 204 in 0.1011 ms
2026-07-20 11:23:41.760 -07:00 [INF] HTTP POST /api/v1/ads/019f6751-9588-7e1c-b138-098134567940/impression responded 200 in 7.5877 ms
2026-07-20 11:23:44.625 -07:00 [INF] HTTP OPTIONS /api/v1/ads/019f6751-958a-7a15-a575-98aaa0e56c88/impression responded 204 in 0.4170 ms
2026-07-20 11:23:44.649 -07:00 [INF] HTTP POST /api/v1/ads/019f6751-958a-7a15-a575-98aaa0e56c88/impression responded 200 in 21.0841 ms
2026-07-20 11:23:44.710 -07:00 [INF] HTTP OPTIONS /api/v1/ads/019f6751-956b-7a5e-b9d8-0ef3c1dcd66d/impression responded 204 in 0.0620 ms
2026-07-20 11:23:44.714 -07:00 [INF] HTTP POST /api/v1/ads/019f6751-956b-7a5e-b9d8-0ef3c1dcd66d/impression responded 200 in 3.8426 ms
2026-07-20 11:23:45.951 -07:00 [INF] HTTP OPTIONS /api/v1/ads/019f6751-9589-76dd-a1a8-4c3bf2cfc076/impression responded 204 in 0.0584 ms
2026-07-20 11:23:45.957 -07:00 [INF] HTTP POST /api/v1/ads/019f6751-9589-76dd-a1a8-4c3bf2cfc076/impression responded 200 in 4.8235 ms
2026-07-20 11:23:48.825 -07:00 [INF] HTTP OPTIONS /api/v1/ads/019f6751-958b-7d8a-a9a6-0f853bb35f0f/impression responded 204 in 0.0315 ms
2026-07-20 11:23:48.846 -07:00 [INF] HTTP POST /api/v1/ads/019f6751-958b-7d8a-a9a6-0f853bb35f0f/impression responded 200 in 12.5371 ms
2026-07-20 11:23:48.912 -07:00 [INF] HTTP OPTIONS /api/v1/ads/019f6751-9586-79ca-a9e4-063106266335/impression responded 204 in 0.0316 ms
2026-07-20 11:23:48.917 -07:00 [INF] HTTP POST /api/v1/ads/019f6751-9586-79ca-a9e4-063106266335/impression responded 200 in 3.5701 ms
2026-07-20 11:23:50.150 -07:00 [INF] HTTP OPTIONS /api/v1/ads/019f6751-9588-7e1c-b138-098134567940/impression responded 204 in 0.0551 ms
2026-07-20 11:23:50.158 -07:00 [INF] HTTP POST /api/v1/ads/019f6751-9588-7e1c-b138-098134567940/impression responded 200 in 5.8405 ms
2026-07-20 11:23:53.019 -07:00 [INF] HTTP OPTIONS /api/v1/ads/019f6751-958a-7a15-a575-98aaa0e56c88/impression responded 204 in 0.0517 ms
2026-07-20 11:23:53.042 -07:00 [INF] HTTP POST /api/v1/ads/019f6751-958a-7a15-a575-98aaa0e56c88/impression responded 200 in 13.4972 ms
2026-07-20 11:23:53.109 -07:00 [INF] HTTP OPTIONS /api/v1/ads/019f6751-956b-7a5e-b9d8-0ef3c1dcd66d/impression responded 204 in 0.1608 ms
2026-07-20 11:23:53.114 -07:00 [INF] HTTP POST /api/v1/ads/019f6751-956b-7a5e-b9d8-0ef3c1dcd66d/impression responded 200 in 3.3983 ms
2026-07-20 11:23:54.365 -07:00 [INF] HTTP OPTIONS /api/v1/ads/019f6751-9589-76dd-a1a8-4c3bf2cfc076/impression responded 204 in 0.3955 ms
2026-07-20 11:23:54.384 -07:00 [INF] HTTP POST /api/v1/ads/019f6751-9589-76dd-a1a8-4c3bf2cfc076/impression responded 200 in 16.6448 ms
2026-07-20 11:23:57.217 -07:00 [INF] HTTP OPTIONS /api/v1/ads/019f6751-958b-7d8a-a9a6-0f853bb35f0f/impression responded 204 in 0.2970 ms
2026-07-20 11:23:57.254 -07:00 [INF] HTTP POST /api/v1/ads/019f6751-958b-7d8a-a9a6-0f853bb35f0f/impression responded 200 in 26.4856 ms
2026-07-20 11:23:57.309 -07:00 [INF] HTTP OPTIONS /api/v1/ads/019f6751-9586-79ca-a9e4-063106266335/impression responded 204 in 0.2105 ms
2026-07-20 11:23:57.313 -07:00 [INF] HTTP POST /api/v1/ads/019f6751-9586-79ca-a9e4-063106266335/impression responded 200 in 3.1570 ms
2026-07-20 11:23:58.550 -07:00 [INF] HTTP OPTIONS /api/v1/ads/019f6751-9588-7e1c-b138-098134567940/impression responded 204 in 0.0589 ms
2026-07-20 11:23:58.558 -07:00 [INF] HTTP POST /api/v1/ads/019f6751-9588-7e1c-b138-098134567940/impression responded 200 in 4.9028 ms
2026-07-20 11:24:01.415 -07:00 [INF] HTTP OPTIONS /api/v1/ads/019f6751-958a-7a15-a575-98aaa0e56c88/impression responded 204 in 0.0808 ms
2026-07-20 11:24:01.435 -07:00 [INF] HTTP POST /api/v1/ads/019f6751-958a-7a15-a575-98aaa0e56c88/impression responded 200 in 9.7429 ms
2026-07-20 11:24:01.509 -07:00 [INF] HTTP OPTIONS /api/v1/ads/019f6751-956b-7a5e-b9d8-0ef3c1dcd66d/impression responded 204 in 0.1295 ms
2026-07-20 11:24:01.513 -07:00 [INF] HTTP POST /api/v1/ads/019f6751-956b-7a5e-b9d8-0ef3c1dcd66d/impression responded 200 in 3.2923 ms
2026-07-20 11:24:02.751 -07:00 [INF] HTTP OPTIONS /api/v1/ads/019f6751-9589-76dd-a1a8-4c3bf2cfc076/impression responded 204 in 0.0395 ms
2026-07-20 11:24:02.755 -07:00 [INF] HTTP POST /api/v1/ads/019f6751-9589-76dd-a1a8-4c3bf2cfc076/impression responded 200 in 2.9586 ms
2026-07-20 11:24:05.618 -07:00 [INF] HTTP OPTIONS /api/v1/ads/019f6751-958b-7d8a-a9a6-0f853bb35f0f/impression responded 204 in 0.0586 ms
2026-07-20 11:24:05.626 -07:00 [INF] HTTP POST /api/v1/ads/019f6751-958b-7d8a-a9a6-0f853bb35f0f/impression responded 200 in 6.1671 ms
2026-07-20 11:24:05.710 -07:00 [INF] HTTP OPTIONS /api/v1/ads/019f6751-9586-79ca-a9e4-063106266335/impression responded 204 in 0.0530 ms
2026-07-20 11:24:05.724 -07:00 [INF] HTTP POST /api/v1/ads/019f6751-9586-79ca-a9e4-063106266335/impression responded 200 in 3.7468 ms
2026-07-20 11:24:06.952 -07:00 [INF] HTTP OPTIONS /api/v1/ads/019f6751-9588-7e1c-b138-098134567940/impression responded 204 in 0.2325 ms
2026-07-20 11:24:06.963 -07:00 [INF] HTTP POST /api/v1/ads/019f6751-9588-7e1c-b138-098134567940/impression responded 200 in 9.1889 ms
2026-07-20 11:24:09.818 -07:00 [INF] HTTP OPTIONS /api/v1/ads/019f6751-958a-7a15-a575-98aaa0e56c88/impression responded 204 in 0.0315 ms
2026-07-20 11:24:09.855 -07:00 [INF] HTTP POST /api/v1/ads/019f6751-958a-7a15-a575-98aaa0e56c88/impression responded 200 in 36.3853 ms
2026-07-20 11:24:09.911 -07:00 [INF] HTTP OPTIONS /api/v1/ads/019f6751-956b-7a5e-b9d8-0ef3c1dcd66d/impression responded 204 in 0.0320 ms
2026-07-20 11:24:09.917 -07:00 [INF] HTTP POST /api/v1/ads/019f6751-956b-7a5e-b9d8-0ef3c1dcd66d/impression responded 200 in 5.3058 ms
2026-07-20 11:24:11.151 -07:00 [INF] HTTP OPTIONS /api/v1/ads/019f6751-9589-76dd-a1a8-4c3bf2cfc076/impression responded 204 in 0.0305 ms
2026-07-20 11:24:11.156 -07:00 [INF] HTTP POST /api/v1/ads/019f6751-9589-76dd-a1a8-4c3bf2cfc076/impression responded 200 in 4.3806 ms
2026-07-20 11:24:14.017 -07:00 [INF] HTTP OPTIONS /api/v1/ads/019f6751-958b-7d8a-a9a6-0f853bb35f0f/impression responded 204 in 0.1118 ms
2026-07-20 11:24:14.030 -07:00 [INF] HTTP POST /api/v1/ads/019f6751-958b-7d8a-a9a6-0f853bb35f0f/impression responded 200 in 11.1648 ms
2026-07-20 11:24:14.109 -07:00 [INF] HTTP OPTIONS /api/v1/ads/019f6751-9586-79ca-a9e4-063106266335/impression responded 204 in 0.0544 ms
2026-07-20 11:24:14.114 -07:00 [INF] HTTP POST /api/v1/ads/019f6751-9586-79ca-a9e4-063106266335/impression responded 200 in 4.0776 ms
2026-07-20 11:24:15.352 -07:00 [INF] HTTP OPTIONS /api/v1/ads/019f6751-9588-7e1c-b138-098134567940/impression responded 204 in 0.0673 ms
2026-07-20 11:24:15.358 -07:00 [INF] HTTP POST /api/v1/ads/019f6751-9588-7e1c-b138-098134567940/impression responded 200 in 5.2261 ms
2026-07-20 11:24:18.246 -07:00 [INF] HTTP OPTIONS /api/v1/ads/019f6751-958a-7a15-a575-98aaa0e56c88/impression responded 204 in 1.7092 ms
2026-07-20 11:24:18.297 -07:00 [INF] HTTP POST /api/v1/ads/019f6751-958a-7a15-a575-98aaa0e56c88/impression responded 200 in 43.0008 ms
2026-07-20 11:24:18.310 -07:00 [INF] HTTP OPTIONS /api/v1/ads/019f6751-956b-7a5e-b9d8-0ef3c1dcd66d/impression responded 204 in 0.0311 ms
2026-07-20 11:24:18.335 -07:00 [INF] HTTP POST /api/v1/ads/019f6751-956b-7a5e-b9d8-0ef3c1dcd66d/impression responded 200 in 24.2415 ms
2026-07-20 11:24:19.551 -07:00 [INF] HTTP OPTIONS /api/v1/ads/019f6751-9589-76dd-a1a8-4c3bf2cfc076/impression responded 204 in 0.0805 ms
2026-07-20 11:24:19.557 -07:00 [INF] HTTP POST /api/v1/ads/019f6751-9589-76dd-a1a8-4c3bf2cfc076/impression responded 200 in 3.5245 ms
2026-07-20 11:24:22.417 -07:00 [INF] HTTP OPTIONS /api/v1/ads/019f6751-958b-7d8a-a9a6-0f853bb35f0f/impression responded 204 in 0.0636 ms
2026-07-20 11:24:22.452 -07:00 [INF] HTTP POST /api/v1/ads/019f6751-958b-7d8a-a9a6-0f853bb35f0f/impression responded 200 in 21.7743 ms
2026-07-20 11:24:22.510 -07:00 [INF] HTTP OPTIONS /api/v1/ads/019f6751-9586-79ca-a9e4-063106266335/impression responded 204 in 0.0467 ms
2026-07-20 11:24:22.514 -07:00 [INF] HTTP POST /api/v1/ads/019f6751-9586-79ca-a9e4-063106266335/impression responded 200 in 2.9032 ms
2026-07-20 11:24:23.751 -07:00 [INF] HTTP OPTIONS /api/v1/ads/019f6751-9588-7e1c-b138-098134567940/impression responded 204 in 0.0543 ms
2026-07-20 11:24:23.757 -07:00 [INF] HTTP POST /api/v1/ads/019f6751-9588-7e1c-b138-098134567940/impression responded 200 in 4.9756 ms
2026-07-20 11:24:26.620 -07:00 [INF] HTTP OPTIONS /api/v1/ads/019f6751-958a-7a15-a575-98aaa0e56c88/impression responded 204 in 0.3929 ms
2026-07-20 11:24:26.643 -07:00 [INF] HTTP POST /api/v1/ads/019f6751-958a-7a15-a575-98aaa0e56c88/impression responded 200 in 21.1653 ms
2026-07-20 11:24:26.709 -07:00 [INF] HTTP OPTIONS /api/v1/ads/019f6751-956b-7a5e-b9d8-0ef3c1dcd66d/impression responded 204 in 0.0819 ms
2026-07-20 11:24:26.715 -07:00 [INF] HTTP POST /api/v1/ads/019f6751-956b-7a5e-b9d8-0ef3c1dcd66d/impression responded 200 in 5.0466 ms
2026-07-20 11:24:27.950 -07:00 [INF] HTTP OPTIONS /api/v1/ads/019f6751-9589-76dd-a1a8-4c3bf2cfc076/impression responded 204 in 0.0543 ms
2026-07-20 11:24:27.980 -07:00 [INF] HTTP POST /api/v1/ads/019f6751-9589-76dd-a1a8-4c3bf2cfc076/impression responded 200 in 19.1816 ms
2026-07-20 11:24:30.820 -07:00 [INF] HTTP OPTIONS /api/v1/ads/019f6751-958b-7d8a-a9a6-0f853bb35f0f/impression responded 204 in 0.0598 ms
2026-07-20 11:24:30.836 -07:00 [INF] HTTP POST /api/v1/ads/019f6751-958b-7d8a-a9a6-0f853bb35f0f/impression responded 200 in 5.1244 ms
2026-07-20 11:24:30.909 -07:00 [INF] HTTP OPTIONS /api/v1/ads/019f6751-9586-79ca-a9e4-063106266335/impression responded 204 in 0.0629 ms
2026-07-20 11:24:30.932 -07:00 [INF] HTTP POST /api/v1/ads/019f6751-9586-79ca-a9e4-063106266335/impression responded 200 in 15.8101 ms
2026-07-20 11:24:32.151 -07:00 [INF] HTTP OPTIONS /api/v1/ads/019f6751-9588-7e1c-b138-098134567940/impression responded 204 in 0.0578 ms
2026-07-20 11:24:32.159 -07:00 [INF] HTTP POST /api/v1/ads/019f6751-9588-7e1c-b138-098134567940/impression responded 200 in 6.0303 ms
2026-07-20 11:24:35.016 -07:00 [INF] HTTP OPTIONS /api/v1/ads/019f6751-958a-7a15-a575-98aaa0e56c88/impression responded 204 in 0.0835 ms
2026-07-20 11:24:35.047 -07:00 [INF] HTTP POST /api/v1/ads/019f6751-958a-7a15-a575-98aaa0e56c88/impression responded 200 in 16.6765 ms
2026-07-20 11:24:35.110 -07:00 [INF] HTTP OPTIONS /api/v1/ads/019f6751-956b-7a5e-b9d8-0ef3c1dcd66d/impression responded 204 in 0.0381 ms
2026-07-20 11:24:35.114 -07:00 [INF] HTTP POST /api/v1/ads/019f6751-956b-7a5e-b9d8-0ef3c1dcd66d/impression responded 200 in 2.9616 ms
2026-07-20 11:24:36.349 -07:00 [INF] HTTP OPTIONS /api/v1/ads/019f6751-9589-76dd-a1a8-4c3bf2cfc076/impression responded 204 in 0.0635 ms
2026-07-20 11:24:36.370 -07:00 [INF] HTTP POST /api/v1/ads/019f6751-9589-76dd-a1a8-4c3bf2cfc076/impression responded 200 in 10.7586 ms
2026-07-20 11:24:39.219 -07:00 [INF] HTTP OPTIONS /api/v1/ads/019f6751-958b-7d8a-a9a6-0f853bb35f0f/impression responded 204 in 0.1511 ms
2026-07-20 11:24:39.245 -07:00 [INF] HTTP POST /api/v1/ads/019f6751-958b-7d8a-a9a6-0f853bb35f0f/impression responded 200 in 21.3973 ms
2026-07-20 11:24:39.308 -07:00 [INF] HTTP OPTIONS /api/v1/ads/019f6751-9586-79ca-a9e4-063106266335/impression responded 204 in 0.1025 ms
2026-07-20 11:24:39.314 -07:00 [INF] HTTP POST /api/v1/ads/019f6751-9586-79ca-a9e4-063106266335/impression responded 200 in 3.9626 ms
2026-07-20 11:24:40.550 -07:00 [INF] HTTP OPTIONS /api/v1/ads/019f6751-9588-7e1c-b138-098134567940/impression responded 204 in 0.0543 ms
2026-07-20 11:24:40.568 -07:00 [INF] HTTP POST /api/v1/ads/019f6751-9588-7e1c-b138-098134567940/impression responded 200 in 16.4210 ms
2026-07-20 11:24:43.417 -07:00 [INF] HTTP OPTIONS /api/v1/ads/019f6751-958a-7a15-a575-98aaa0e56c88/impression responded 204 in 0.0671 ms
2026-07-20 11:24:43.423 -07:00 [INF] HTTP POST /api/v1/ads/019f6751-958a-7a15-a575-98aaa0e56c88/impression responded 200 in 5.1834 ms
2026-07-20 11:24:43.509 -07:00 [INF] HTTP OPTIONS /api/v1/ads/019f6751-956b-7a5e-b9d8-0ef3c1dcd66d/impression responded 204 in 0.0320 ms
2026-07-20 11:24:43.514 -07:00 [INF] HTTP POST /api/v1/ads/019f6751-956b-7a5e-b9d8-0ef3c1dcd66d/impression responded 200 in 4.5849 ms
2026-07-20 11:24:44.751 -07:00 [INF] HTTP OPTIONS /api/v1/ads/019f6751-9589-76dd-a1a8-4c3bf2cfc076/impression responded 204 in 0.7315 ms
2026-07-20 11:24:44.760 -07:00 [INF] HTTP POST /api/v1/ads/019f6751-9589-76dd-a1a8-4c3bf2cfc076/impression responded 200 in 6.7930 ms
2026-07-20 11:24:47.617 -07:00 [INF] HTTP OPTIONS /api/v1/ads/019f6751-958b-7d8a-a9a6-0f853bb35f0f/impression responded 204 in 0.2540 ms
2026-07-20 11:24:47.626 -07:00 [INF] HTTP POST /api/v1/ads/019f6751-958b-7d8a-a9a6-0f853bb35f0f/impression responded 200 in 7.2754 ms
2026-07-20 11:24:47.710 -07:00 [INF] HTTP OPTIONS /api/v1/ads/019f6751-9586-79ca-a9e4-063106266335/impression responded 204 in 0.0292 ms
2026-07-20 11:24:47.715 -07:00 [INF] HTTP POST /api/v1/ads/019f6751-9586-79ca-a9e4-063106266335/impression responded 200 in 4.0668 ms
2026-07-20 11:24:48.950 -07:00 [INF] HTTP OPTIONS /api/v1/ads/019f6751-9588-7e1c-b138-098134567940/impression responded 204 in 0.0282 ms
2026-07-20 11:24:48.959 -07:00 [INF] HTTP POST /api/v1/ads/019f6751-9588-7e1c-b138-098134567940/impression responded 200 in 6.1640 ms
2026-07-20 11:24:51.816 -07:00 [INF] HTTP OPTIONS /api/v1/ads/019f6751-958a-7a15-a575-98aaa0e56c88/impression responded 204 in 0.0552 ms
2026-07-20 11:24:51.831 -07:00 [INF] HTTP POST /api/v1/ads/019f6751-958a-7a15-a575-98aaa0e56c88/impression responded 200 in 12.2092 ms
2026-07-20 11:24:51.910 -07:00 [INF] HTTP OPTIONS /api/v1/ads/019f6751-956b-7a5e-b9d8-0ef3c1dcd66d/impression responded 204 in 0.0580 ms
2026-07-20 11:24:51.914 -07:00 [INF] HTTP POST /api/v1/ads/019f6751-956b-7a5e-b9d8-0ef3c1dcd66d/impression responded 200 in 2.9673 ms
2026-07-20 11:24:53.149 -07:00 [INF] HTTP OPTIONS /api/v1/ads/019f6751-9589-76dd-a1a8-4c3bf2cfc076/impression responded 204 in 0.0370 ms
2026-07-20 11:24:53.156 -07:00 [INF] HTTP POST /api/v1/ads/019f6751-9589-76dd-a1a8-4c3bf2cfc076/impression responded 200 in 5.5373 ms
2026-07-20 11:24:56.018 -07:00 [INF] HTTP OPTIONS /api/v1/ads/019f6751-958b-7d8a-a9a6-0f853bb35f0f/impression responded 204 in 0.1170 ms
2026-07-20 11:24:56.037 -07:00 [INF] HTTP POST /api/v1/ads/019f6751-958b-7d8a-a9a6-0f853bb35f0f/impression responded 200 in 16.8563 ms
2026-07-20 11:24:56.110 -07:00 [INF] HTTP OPTIONS /api/v1/ads/019f6751-9586-79ca-a9e4-063106266335/impression responded 204 in 0.0282 ms
2026-07-20 11:24:56.115 -07:00 [INF] HTTP POST /api/v1/ads/019f6751-9586-79ca-a9e4-063106266335/impression responded 200 in 3.5100 ms
2026-07-20 11:24:57.351 -07:00 [INF] HTTP OPTIONS /api/v1/ads/019f6751-9588-7e1c-b138-098134567940/impression responded 204 in 1.2753 ms
2026-07-20 11:24:57.362 -07:00 [INF] HTTP POST /api/v1/ads/019f6751-9588-7e1c-b138-098134567940/impression responded 200 in 8.5855 ms
2026-07-20 11:25:00.217 -07:00 [INF] HTTP OPTIONS /api/v1/ads/019f6751-958a-7a15-a575-98aaa0e56c88/impression responded 204 in 0.1558 ms
2026-07-20 11:25:00.228 -07:00 [INF] HTTP POST /api/v1/ads/019f6751-958a-7a15-a575-98aaa0e56c88/impression responded 200 in 9.6468 ms
2026-07-20 11:25:00.310 -07:00 [INF] HTTP OPTIONS /api/v1/ads/019f6751-956b-7a5e-b9d8-0ef3c1dcd66d/impression responded 204 in 0.1140 ms
2026-07-20 11:25:00.315 -07:00 [INF] HTTP POST /api/v1/ads/019f6751-956b-7a5e-b9d8-0ef3c1dcd66d/impression responded 200 in 3.5268 ms
2026-07-20 11:25:01.553 -07:00 [INF] HTTP OPTIONS /api/v1/ads/019f6751-9589-76dd-a1a8-4c3bf2cfc076/impression responded 204 in 0.0325 ms
2026-07-20 11:25:01.941 -07:00 [INF] HTTP POST /api/v1/ads/019f6751-9589-76dd-a1a8-4c3bf2cfc076/impression responded 200 in 298.4563 ms
2026-07-20 11:25:04.429 -07:00 [INF] HTTP OPTIONS /api/v1/ads/019f6751-958b-7d8a-a9a6-0f853bb35f0f/impression responded 204 in 0.1065 ms
2026-07-20 11:25:04.454 -07:00 [INF] HTTP POST /api/v1/ads/019f6751-958b-7d8a-a9a6-0f853bb35f0f/impression responded 200 in 20.9236 ms
2026-07-20 11:25:04.510 -07:00 [INF] HTTP OPTIONS /api/v1/ads/019f6751-9586-79ca-a9e4-063106266335/impression responded 204 in 0.0383 ms
2026-07-20 11:25:04.514 -07:00 [INF] HTTP POST /api/v1/ads/019f6751-9586-79ca-a9e4-063106266335/impression responded 200 in 3.1005 ms
2026-07-20 11:25:05.749 -07:00 [INF] HTTP OPTIONS /api/v1/ads/019f6751-9588-7e1c-b138-098134567940/impression responded 204 in 0.0693 ms
2026-07-20 11:25:05.756 -07:00 [INF] HTTP POST /api/v1/ads/019f6751-9588-7e1c-b138-098134567940/impression responded 200 in 5.1102 ms
2026-07-20 11:25:08.626 -07:00 [INF] HTTP OPTIONS /api/v1/ads/019f6751-958a-7a15-a575-98aaa0e56c88/impression responded 204 in 0.3011 ms
2026-07-20 11:25:08.652 -07:00 [INF] HTTP POST /api/v1/ads/019f6751-958a-7a15-a575-98aaa0e56c88/impression responded 200 in 22.6014 ms
2026-07-20 11:25:08.709 -07:00 [INF] HTTP OPTIONS /api/v1/ads/019f6751-956b-7a5e-b9d8-0ef3c1dcd66d/impression responded 204 in 0.0545 ms
2026-07-20 11:25:08.714 -07:00 [INF] HTTP POST /api/v1/ads/019f6751-956b-7a5e-b9d8-0ef3c1dcd66d/impression responded 200 in 3.6390 ms
2026-07-20 11:25:09.950 -07:00 [INF] HTTP OPTIONS /api/v1/ads/019f6751-9589-76dd-a1a8-4c3bf2cfc076/impression responded 204 in 0.0535 ms
2026-07-20 11:25:09.980 -07:00 [INF] HTTP POST /api/v1/ads/019f6751-9589-76dd-a1a8-4c3bf2cfc076/impression responded 200 in 19.1861 ms
2026-07-20 11:25:12.823 -07:00 [INF] HTTP OPTIONS /api/v1/ads/019f6751-958b-7d8a-a9a6-0f853bb35f0f/impression responded 204 in 0.2708 ms
2026-07-20 11:25:12.835 -07:00 [INF] HTTP POST /api/v1/ads/019f6751-958b-7d8a-a9a6-0f853bb35f0f/impression responded 200 in 7.9783 ms
2026-07-20 11:25:12.908 -07:00 [INF] HTTP OPTIONS /api/v1/ads/019f6751-9586-79ca-a9e4-063106266335/impression responded 204 in 0.0315 ms
2026-07-20 11:25:12.913 -07:00 [INF] HTTP POST /api/v1/ads/019f6751-9586-79ca-a9e4-063106266335/impression responded 200 in 3.7700 ms
2026-07-20 11:25:14.159 -07:00 [INF] HTTP OPTIONS /api/v1/ads/019f6751-9588-7e1c-b138-098134567940/impression responded 204 in 0.1425 ms
2026-07-20 11:25:14.165 -07:00 [INF] HTTP POST /api/v1/ads/019f6751-9588-7e1c-b138-098134567940/impression responded 200 in 4.1048 ms
2026-07-20 11:25:17.024 -07:00 [INF] HTTP OPTIONS /api/v1/ads/019f6751-958a-7a15-a575-98aaa0e56c88/impression responded 204 in 0.1301 ms
2026-07-20 11:25:17.049 -07:00 [INF] HTTP POST /api/v1/ads/019f6751-958a-7a15-a575-98aaa0e56c88/impression responded 200 in 15.4103 ms
2026-07-20 11:25:17.109 -07:00 [INF] HTTP OPTIONS /api/v1/ads/019f6751-956b-7a5e-b9d8-0ef3c1dcd66d/impression responded 204 in 0.1125 ms
2026-07-20 11:25:17.117 -07:00 [INF] HTTP POST /api/v1/ads/019f6751-956b-7a5e-b9d8-0ef3c1dcd66d/impression responded 200 in 6.7898 ms
2026-07-20 11:25:18.351 -07:00 [INF] HTTP OPTIONS /api/v1/ads/019f6751-9589-76dd-a1a8-4c3bf2cfc076/impression responded 204 in 0.0840 ms
2026-07-20 11:25:18.365 -07:00 [INF] HTTP POST /api/v1/ads/019f6751-9589-76dd-a1a8-4c3bf2cfc076/impression responded 200 in 3.9110 ms
2026-07-20 11:25:21.222 -07:00 [INF] HTTP OPTIONS /api/v1/ads/019f6751-958b-7d8a-a9a6-0f853bb35f0f/impression responded 204 in 0.0764 ms
2026-07-20 11:25:21.243 -07:00 [INF] HTTP POST /api/v1/ads/019f6751-958b-7d8a-a9a6-0f853bb35f0f/impression responded 200 in 18.5189 ms
2026-07-20 11:25:21.309 -07:00 [INF] HTTP OPTIONS /api/v1/ads/019f6751-9586-79ca-a9e4-063106266335/impression responded 204 in 0.0293 ms
2026-07-20 11:25:21.313 -07:00 [INF] HTTP POST /api/v1/ads/019f6751-9586-79ca-a9e4-063106266335/impression responded 200 in 3.1936 ms
2026-07-20 11:25:22.553 -07:00 [INF] HTTP OPTIONS /api/v1/ads/019f6751-9588-7e1c-b138-098134567940/impression responded 204 in 0.1015 ms
2026-07-20 11:25:22.564 -07:00 [INF] HTTP POST /api/v1/ads/019f6751-9588-7e1c-b138-098134567940/impression responded 200 in 6.7026 ms
2026-07-20 11:25:25.423 -07:00 [INF] HTTP OPTIONS /api/v1/ads/019f6751-958a-7a15-a575-98aaa0e56c88/impression responded 204 in 0.0598 ms
2026-07-20 11:25:25.432 -07:00 [INF] HTTP POST /api/v1/ads/019f6751-958a-7a15-a575-98aaa0e56c88/impression responded 200 in 7.2644 ms
2026-07-20 11:25:25.510 -07:00 [INF] HTTP OPTIONS /api/v1/ads/019f6751-956b-7a5e-b9d8-0ef3c1dcd66d/impression responded 204 in 0.0809 ms
2026-07-20 11:25:25.515 -07:00 [INF] HTTP POST /api/v1/ads/019f6751-956b-7a5e-b9d8-0ef3c1dcd66d/impression responded 200 in 4.0294 ms
2026-07-20 11:25:26.748 -07:00 [INF] HTTP OPTIONS /api/v1/ads/019f6751-9589-76dd-a1a8-4c3bf2cfc076/impression responded 204 in 0.0537 ms
2026-07-20 11:25:26.756 -07:00 [INF] HTTP POST /api/v1/ads/019f6751-9589-76dd-a1a8-4c3bf2cfc076/impression responded 200 in 6.6742 ms
2026-07-20 11:25:29.624 -07:00 [INF] HTTP OPTIONS /api/v1/ads/019f6751-958b-7d8a-a9a6-0f853bb35f0f/impression responded 204 in 0.0582 ms
2026-07-20 11:25:29.632 -07:00 [INF] HTTP POST /api/v1/ads/019f6751-958b-7d8a-a9a6-0f853bb35f0f/impression responded 200 in 4.6630 ms
2026-07-20 11:25:29.708 -07:00 [INF] HTTP OPTIONS /api/v1/ads/019f6751-9586-79ca-a9e4-063106266335/impression responded 204 in 0.0372 ms
2026-07-20 11:25:29.712 -07:00 [INF] HTTP POST /api/v1/ads/019f6751-9586-79ca-a9e4-063106266335/impression responded 200 in 3.5978 ms
2026-07-20 11:25:30.955 -07:00 [INF] HTTP OPTIONS /api/v1/ads/019f6751-9588-7e1c-b138-098134567940/impression responded 204 in 0.1583 ms
2026-07-20 11:25:30.966 -07:00 [INF] HTTP POST /api/v1/ads/019f6751-9588-7e1c-b138-098134567940/impression responded 200 in 9.0013 ms
2026-07-20 11:25:33.824 -07:00 [INF] HTTP OPTIONS /api/v1/ads/019f6751-958a-7a15-a575-98aaa0e56c88/impression responded 204 in 0.2284 ms
2026-07-20 11:25:33.834 -07:00 [INF] HTTP POST /api/v1/ads/019f6751-958a-7a15-a575-98aaa0e56c88/impression responded 200 in 7.3402 ms
2026-07-20 11:25:33.910 -07:00 [INF] HTTP OPTIONS /api/v1/ads/019f6751-956b-7a5e-b9d8-0ef3c1dcd66d/impression responded 204 in 0.0511 ms
2026-07-20 11:25:33.915 -07:00 [INF] HTTP POST /api/v1/ads/019f6751-956b-7a5e-b9d8-0ef3c1dcd66d/impression responded 200 in 4.2843 ms
2026-07-20 11:25:35.155 -07:00 [INF] HTTP OPTIONS /api/v1/ads/019f6751-9589-76dd-a1a8-4c3bf2cfc076/impression responded 204 in 0.0350 ms
2026-07-20 11:25:35.160 -07:00 [INF] HTTP POST /api/v1/ads/019f6751-9589-76dd-a1a8-4c3bf2cfc076/impression responded 200 in 3.5082 ms
2026-07-20 11:25:38.041 -07:00 [INF] HTTP OPTIONS /api/v1/ads/019f6751-958b-7d8a-a9a6-0f853bb35f0f/impression responded 204 in 1.2316 ms
2026-07-20 11:25:38.095 -07:00 [INF] HTTP POST /api/v1/ads/019f6751-958b-7d8a-a9a6-0f853bb35f0f/impression responded 200 in 50.4789 ms
2026-07-20 11:25:38.109 -07:00 [INF] HTTP OPTIONS /api/v1/ads/019f6751-9586-79ca-a9e4-063106266335/impression responded 204 in 0.0428 ms
2026-07-20 11:25:38.114 -07:00 [INF] HTTP POST /api/v1/ads/019f6751-9586-79ca-a9e4-063106266335/impression responded 200 in 3.9678 ms
2026-07-20 11:25:39.360 -07:00 [INF] HTTP OPTIONS /api/v1/ads/019f6751-9588-7e1c-b138-098134567940/impression responded 204 in 0.1478 ms
2026-07-20 11:25:39.369 -07:00 [INF] HTTP POST /api/v1/ads/019f6751-9588-7e1c-b138-098134567940/impression responded 200 in 6.5782 ms
2026-07-20 11:25:42.223 -07:00 [INF] HTTP OPTIONS /api/v1/ads/019f6751-958a-7a15-a575-98aaa0e56c88/impression responded 204 in 0.0878 ms
2026-07-20 11:25:42.231 -07:00 [INF] HTTP POST /api/v1/ads/019f6751-958a-7a15-a575-98aaa0e56c88/impression responded 200 in 5.0444 ms
2026-07-20 11:25:42.310 -07:00 [INF] HTTP OPTIONS /api/v1/ads/019f6751-956b-7a5e-b9d8-0ef3c1dcd66d/impression responded 204 in 0.0327 ms
2026-07-20 11:25:42.315 -07:00 [INF] HTTP POST /api/v1/ads/019f6751-956b-7a5e-b9d8-0ef3c1dcd66d/impression responded 200 in 3.3565 ms
2026-07-20 11:25:43.550 -07:00 [INF] HTTP OPTIONS /api/v1/ads/019f6751-9589-76dd-a1a8-4c3bf2cfc076/impression responded 204 in 0.0388 ms
2026-07-20 11:25:43.555 -07:00 [INF] HTTP POST /api/v1/ads/019f6751-9589-76dd-a1a8-4c3bf2cfc076/impression responded 200 in 3.4944 ms
2026-07-20 11:25:46.418 -07:00 [INF] HTTP OPTIONS /api/v1/ads/019f6751-958b-7d8a-a9a6-0f853bb35f0f/impression responded 204 in 0.1728 ms
2026-07-20 11:25:46.444 -07:00 [INF] HTTP POST /api/v1/ads/019f6751-958b-7d8a-a9a6-0f853bb35f0f/impression responded 200 in 23.0779 ms
2026-07-20 11:25:46.512 -07:00 [INF] HTTP OPTIONS /api/v1/ads/019f6751-9586-79ca-a9e4-063106266335/impression responded 204 in 0.0652 ms
2026-07-20 11:25:46.531 -07:00 [INF] HTTP POST /api/v1/ads/019f6751-9586-79ca-a9e4-063106266335/impression responded 200 in 16.5869 ms
2026-07-20 11:25:47.757 -07:00 [INF] HTTP OPTIONS /api/v1/ads/019f6751-9588-7e1c-b138-098134567940/impression responded 204 in 0.0375 ms
2026-07-20 11:25:47.775 -07:00 [INF] HTTP POST /api/v1/ads/019f6751-9588-7e1c-b138-098134567940/impression responded 200 in 15.8643 ms
2026-07-20 11:26:00.970 -07:00 [INF] HTTP OPTIONS /api/v1/ads/019f6751-956b-7a5e-b9d8-0ef3c1dcd66d/impression responded 204 in 0.4465 ms
2026-07-20 11:26:00.986 -07:00 [INF] HTTP OPTIONS /api/v1/ads/019f6751-958a-7a15-a575-98aaa0e56c88/impression responded 204 in 0.0790 ms
2026-07-20 11:26:00.988 -07:00 [INF] HTTP OPTIONS /api/v1/ads/019f6751-9589-76dd-a1a8-4c3bf2cfc076/impression responded 204 in 2.4922 ms
2026-07-20 11:26:01.039 -07:00 [INF] HTTP POST /api/v1/ads/019f6751-9589-76dd-a1a8-4c3bf2cfc076/impression responded 200 in 33.6978 ms
2026-07-20 11:26:01.042 -07:00 [INF] HTTP POST /api/v1/ads/019f6751-956b-7a5e-b9d8-0ef3c1dcd66d/impression responded 200 in 57.9390 ms
2026-07-20 11:26:01.053 -07:00 [INF] HTTP POST /api/v1/ads/019f6751-958a-7a15-a575-98aaa0e56c88/impression responded 200 in 47.6178 ms
2026-07-20 11:27:42.620 -07:00 [INF] HTTP OPTIONS /api/v1/ads/019f6751-9588-7e1c-b138-098134567940/impression responded 204 in 11.9949 ms
2026-07-20 11:27:42.620 -07:00 [INF] HTTP OPTIONS /api/v1/ads/019f6751-958b-7d8a-a9a6-0f853bb35f0f/impression responded 204 in 11.9678 ms
2026-07-20 11:27:42.745 -07:00 [INF] HTTP POST /api/v1/ads/019f6751-9588-7e1c-b138-098134567940/impression responded 200 in 112.7079 ms
2026-07-20 11:27:42.745 -07:00 [INF] HTTP POST /api/v1/ads/019f6751-958b-7d8a-a9a6-0f853bb35f0f/impression responded 200 in 113.7617 ms
2026-07-20 11:27:43.353 -07:00 [INF] HTTP OPTIONS /api/v1/ads/019f6751-9586-79ca-a9e4-063106266335/impression responded 204 in 0.1012 ms
2026-07-20 11:27:43.361 -07:00 [INF] HTTP POST /api/v1/ads/019f6751-9586-79ca-a9e4-063106266335/impression responded 200 in 5.0282 ms
2026-07-20 11:27:46.370 -07:00 [INF] HTTP OPTIONS /api/v1/ads/019f6751-9589-76dd-a1a8-4c3bf2cfc076/impression responded 204 in 0.1733 ms
2026-07-20 11:27:46.409 -07:00 [INF] HTTP POST /api/v1/ads/019f6751-9589-76dd-a1a8-4c3bf2cfc076/impression responded 200 in 25.4619 ms
2026-07-20 11:27:49.478 -07:00 [INF] HTTP OPTIONS /api/v1/ads responded 204 in 0.6820 ms
2026-07-20 11:27:49.478 -07:00 [INF] HTTP OPTIONS /api/v1/ads responded 204 in 0.9640 ms
2026-07-20 11:27:49.486 -07:00 [INF] HTTP OPTIONS /api/v1/ads responded 204 in 0.0318 ms
2026-07-20 11:27:49.572 -07:00 [INF] HTTP OPTIONS /api/v1/favorites responded 204 in 0.0917 ms
2026-07-20 11:27:49.585 -07:00 [INF] HTTP OPTIONS /api/v1/messages responded 204 in 0.0324 ms
2026-07-20 11:27:49.593 -07:00 [INF] HTTP OPTIONS /api/v1/notifications responded 204 in 0.0275 ms
2026-07-20 11:27:49.600 -07:00 [INF] HTTP OPTIONS /api/v1/favorites responded 204 in 0.0309 ms
2026-07-20 11:27:49.601 -07:00 [INF] HTTP OPTIONS /api/v1/messages responded 204 in 0.0096 ms
2026-07-20 11:27:49.605 -07:00 [INF] HTTP OPTIONS /api/v1/notifications responded 204 in 0.0513 ms
2026-07-20 11:27:49.689 -07:00 [INF] HTTP GET /api/v1/site-settings responded 200 in 189.1080 ms
2026-07-20 11:27:49.746 -07:00 [INF] HTTP GET /api/v1/messages responded 200 in 128.2580 ms
2026-07-20 11:27:49.753 -07:00 [INF] HTTP GET /api/v1/notifications responded 200 in 50.1206 ms
2026-07-20 11:27:49.759 -07:00 [INF] HTTP GET /api/v1/favorites responded 200 in 9.6900 ms
2026-07-20 11:27:49.794 -07:00 [INF] HTTP GET /site/favicon-openmarketplace.svg responded 200 in 80.0034 ms
2026-07-20 11:27:49.796 -07:00 [INF] HTTP GET /api/v1/notifications responded 200 in 36.4638 ms
2026-07-20 11:27:49.798 -07:00 [INF] HTTP OPTIONS /api/v1/feed/home responded 204 in 0.0272 ms
2026-07-20 11:27:49.800 -07:00 [INF] HTTP GET /api/v1/ads responded 200 in 299.8415 ms
2026-07-20 11:27:49.802 -07:00 [INF] HTTP GET /api/v1/messages responded 200 in 43.3917 ms
2026-07-20 11:27:49.803 -07:00 [INF] HTTP GET /api/v1/ads responded 200 in 277.4298 ms
2026-07-20 11:27:49.807 -07:00 [INF] HTTP GET /api/v1/ads responded 200 in 306.9796 ms
2026-07-20 11:27:49.831 -07:00 [INF] HTTP GET /api/v1/favorites responded 200 in 225.2683 ms
2026-07-20 11:27:49.859 -07:00 [INF] HTTP OPTIONS /api/v1/ads/019f6751-9588-7e1c-b138-098134567940/impression responded 204 in 0.1394 ms
2026-07-20 11:27:49.894 -07:00 [INF] HTTP OPTIONS /api/v1/ads/019f6751-956b-7a5e-b9d8-0ef3c1dcd66d/impression responded 204 in 0.0322 ms
2026-07-20 11:27:49.895 -07:00 [INF] HTTP OPTIONS /api/v1/ads/019f6751-958a-7a15-a575-98aaa0e56c88/impression responded 204 in 0.0708 ms
2026-07-20 11:27:49.903 -07:00 [INF] HTTP POST /api/v1/ads/019f6751-9588-7e1c-b138-098134567940/impression responded 200 in 41.2783 ms
2026-07-20 11:27:49.912 -07:00 [INF] HTTP GET /api/v1/feed/home responded 200 in 113.2245 ms
2026-07-20 11:27:49.961 -07:00 [INF] HTTP POST /api/v1/ads/019f6751-956b-7a5e-b9d8-0ef3c1dcd66d/impression responded 200 in 59.1470 ms
2026-07-20 11:27:49.964 -07:00 [INF] HTTP POST /api/v1/ads/019f6751-958a-7a15-a575-98aaa0e56c88/impression responded 200 in 61.3055 ms
2026-07-20 11:27:54.065 -07:00 [INF] HTTP OPTIONS /api/v1/ads/019f6751-9589-76dd-a1a8-4c3bf2cfc076/impression responded 204 in 0.7776 ms
2026-07-20 11:27:54.076 -07:00 [INF] HTTP POST /api/v1/ads/019f6751-9589-76dd-a1a8-4c3bf2cfc076/impression responded 200 in 10.0659 ms
2026-07-20 11:27:54.090 -07:00 [INF] HTTP OPTIONS /api/v1/ads/019f6751-9586-79ca-a9e4-063106266335/impression responded 204 in 0.0315 ms
2026-07-20 11:27:54.101 -07:00 [INF] HTTP OPTIONS /api/v1/ads/019f6751-958b-7d8a-a9a6-0f853bb35f0f/impression responded 204 in 0.0312 ms
2026-07-20 11:27:54.106 -07:00 [INF] HTTP POST /api/v1/ads/019f6751-9586-79ca-a9e4-063106266335/impression responded 200 in 12.0285 ms
2026-07-20 11:27:54.112 -07:00 [INF] HTTP POST /api/v1/ads/019f6751-958b-7d8a-a9a6-0f853bb35f0f/impression responded 200 in 8.2387 ms
2026-07-20 11:27:58.262 -07:00 [INF] HTTP OPTIONS /api/v1/ads/019f6751-9588-7e1c-b138-098134567940/impression responded 204 in 0.0545 ms
2026-07-20 11:27:58.269 -07:00 [INF] HTTP POST /api/v1/ads/019f6751-9588-7e1c-b138-098134567940/impression responded 200 in 4.7540 ms
2026-07-20 11:27:58.288 -07:00 [INF] HTTP OPTIONS /api/v1/ads/019f6751-956b-7a5e-b9d8-0ef3c1dcd66d/impression responded 204 in 0.0304 ms
2026-07-20 11:27:58.292 -07:00 [INF] HTTP OPTIONS /api/v1/ads/019f6751-958a-7a15-a575-98aaa0e56c88/impression responded 204 in 0.0202 ms
2026-07-20 11:27:58.297 -07:00 [INF] HTTP POST /api/v1/ads/019f6751-956b-7a5e-b9d8-0ef3c1dcd66d/impression responded 200 in 7.2214 ms
2026-07-20 11:27:58.298 -07:00 [INF] HTTP POST /api/v1/ads/019f6751-958a-7a15-a575-98aaa0e56c88/impression responded 200 in 5.0333 ms
2026-07-20 11:28:01.213 -07:00 [INF] HTTP OPTIONS /api/v1/favorites responded 204 in 0.7207 ms
2026-07-20 11:28:01.249 -07:00 [INF] HTTP GET /api/v1/favorites responded 200 in 27.7540 ms
2026-07-20 11:28:02.495 -07:00 [INF] HTTP OPTIONS /api/v1/messages responded 204 in 0.0701 ms
2026-07-20 11:28:02.510 -07:00 [INF] HTTP GET /api/v1/messages responded 200 in 12.8073 ms
2026-07-20 11:28:04.206 -07:00 [INF] HTTP OPTIONS /api/v1/users/me responded 204 in 0.0931 ms
2026-07-20 11:28:04.224 -07:00 [INF] HTTP GET /avatars/avatar-2.svg responded 200 in 1.3756 ms
2026-07-20 11:28:04.224 -07:00 [INF] HTTP GET /avatars/avatar-4.svg responded 200 in 10.8008 ms
2026-07-20 11:28:04.224 -07:00 [INF] HTTP GET /avatars/avatar-3.svg responded 200 in 4.2856 ms
2026-07-20 11:28:04.227 -07:00 [INF] HTTP GET /avatars/avatar-5.svg responded 200 in 12.0218 ms
2026-07-20 11:28:04.226 -07:00 [INF] HTTP GET /avatars/avatar-1.svg responded 200 in 20.6993 ms
2026-07-20 11:28:04.233 -07:00 [INF] HTTP GET /avatars/avatar-7.svg responded 200 in 0.6332 ms
2026-07-20 11:28:04.226 -07:00 [INF] HTTP GET /avatars/avatar-6.svg responded 200 in 3.1018 ms
2026-07-20 11:28:04.235 -07:00 [INF] HTTP GET /avatars/avatar-8.svg responded 200 in 2.7675 ms
2026-07-20 11:28:04.239 -07:00 [INF] HTTP GET /avatars/avatar-10.svg responded 200 in 5.8145 ms
2026-07-20 11:28:04.239 -07:00 [INF] HTTP GET /avatars/avatar-11.svg responded 200 in 1.8331 ms
2026-07-20 11:28:04.240 -07:00 [INF] HTTP GET /avatars/avatar-9.svg responded 200 in 6.1705 ms
2026-07-20 11:28:04.242 -07:00 [INF] HTTP GET /avatars/avatar-12.svg responded 200 in 1.1984 ms
2026-07-20 11:28:04.337 -07:00 [INF] HTTP GET /api/v1/users/me responded 404 in 112.5048 ms
2026-07-20 11:33:04.462 -07:00 [INF] HTTP OPTIONS /api/v1/notifications responded 204 in 0.1494 ms
2026-07-20 11:33:04.464 -07:00 [INF] HTTP OPTIONS /api/v1/users/me responded 204 in 0.0248 ms
2026-07-20 11:33:04.469 -07:00 [INF] HTTP OPTIONS /api/v1/favorites responded 204 in 10.5146 ms
2026-07-20 11:33:04.472 -07:00 [INF] HTTP OPTIONS /api/v1/messages responded 204 in 0.0388 ms
2026-07-20 11:33:04.607 -07:00 [INF] HTTP GET /api/v1/site-settings responded 200 in 218.4460 ms
2026-07-20 11:33:04.611 -07:00 [INF] HTTP GET /api/v1/users/me responded 404 in 134.0413 ms
2026-07-20 11:33:04.613 -07:00 [INF] HTTP GET /api/v1/notifications responded 200 in 137.6069 ms
2026-07-20 11:33:04.666 -07:00 [INF] HTTP GET /api/v1/favorites responded 200 in 188.5736 ms
2026-07-20 11:33:04.676 -07:00 [INF] HTTP GET /api/v1/messages responded 200 in 197.9954 ms
